<?xml version="1.0" encoding="UTF-8"?>
<testng-results skipped="0" failed="0" ignored="0" total="1" passed="1">
  <reporter-output>
  </reporter-output>
  <suite name="Default suite" duration-ms="30455" started-at="2017-06-23T04:54:14Z" finished-at="2017-06-23T04:54:45Z">
    <groups>
    </groups>
    <test name="Default test" duration-ms="30455" started-at="2017-06-23T04:54:14Z" finished-at="2017-06-23T04:54:45Z">
      <class name="br.selenium.test.BuscaCep">
        <test-method status="PASS" signature="setUp()[pri:0, instance:br.selenium.test.BuscaCep@754ba872]" name="setUp" is-config="true" duration-ms="17852" started-at="2017-06-23T01:54:14Z" finished-at="2017-06-23T01:54:32Z">
          <reporter-output>
          </reporter-output>
        </test-method> <!-- setUp -->
        <test-method status="PASS" signature="invalidSearch()[pri:1, instance:br.selenium.test.BuscaCep@754ba872]" name="invalidSearch" duration-ms="7679" started-at="2017-06-23T01:54:32Z" finished-at="2017-06-23T01:54:40Z">
          <reporter-output>
          </reporter-output>
        </test-method> <!-- invalidSearch -->
        <test-method status="PASS" signature="tearDown()[pri:0, instance:br.selenium.test.BuscaCep@754ba872]" name="tearDown" is-config="true" duration-ms="4834" started-at="2017-06-23T01:54:40Z" finished-at="2017-06-23T01:54:45Z">
          <reporter-output>
          </reporter-output>
        </test-method> <!-- tearDown -->
      </class> <!-- br.selenium.test.BuscaCep -->
    </test> <!-- Default test -->
  </suite> <!-- Default suite -->
</testng-results>
